     [echo] build logged to build_28-03-2014_(16-59-55).log
init:  duration 0 seconds

setClassPath:
[pathconvert] Set property test.classpath = /Users/agalya/Documents/workspace/AppiumTutorial:/Users/agalya/Documents/workspace/AppiumTutorial/lib/apache-mime4j-0.6.jar:/Users/agalya/Documents/workspace/AppiumTutorial/lib/bsh-1.3.0.jar:/Users/agalya/Documents/workspace/AppiumTutorial/lib/cglib-nodep-2.1_3.jar:/Users/agalya/Documents/workspace/AppiumTutorial/lib/commons-codec-1.8.jar:/Users/agalya/Documents/workspace/AppiumTutorial/lib/commons-collections-3.2.1.jar:/Users/agalya/Documents/workspace/AppiumTutorial/lib/commons-exec-1.1.jar:/Users/agalya/Documents/workspace/AppiumTutorial/lib/commons-io-2.2.jar:/Users/agalya/Documents/workspace/AppiumTutorial/lib/commons-jxpath-1.3.jar:/Users/agalya/Documents/workspace/AppiumTutorial/lib/commons-lang3-3.1.jar:/Users/agalya/Documents/workspace/AppiumTutorial/lib/commons-logging-1.1.1.jar:/Users/agalya/Documents/workspace/AppiumTutorial/lib/cssparser-0.9.11.jar:/Users/agalya/Documents/workspace/AppiumTutorial/lib/guava-15.0.jar:/Users/agalya/Documents/workspace/AppiumTutorial/lib/hamcrest-core-1.3.jar:/Users/agalya/Documents/workspace/AppiumTutorial/lib/hamcrest-library-1.3.jar:/Users/agalya/Documents/workspace/AppiumTutorial/lib/htmlunit-2.13.jar:/Users/agalya/Documents/workspace/AppiumTutorial/lib/htmlunit-core-js-2.13.jar:/Users/agalya/Documents/workspace/AppiumTutorial/lib/httpclient-4.3.1.jar:/Users/agalya/Documents/workspace/AppiumTutorial/lib/httpcore-4.3.jar:/Users/agalya/Documents/workspace/AppiumTutorial/lib/httpmime-4.3.1.jar:/Users/agalya/Documents/workspace/AppiumTutorial/lib/ini4j-0.5.2.jar:/Users/agalya/Documents/workspace/AppiumTutorial/lib/jcommander-1.29.jar:/Users/agalya/Documents/workspace/AppiumTutorial/lib/jetty-websocket-8.1.8.jar:/Users/agalya/Documents/workspace/AppiumTutorial/lib/jna-3.4.0.jar:/Users/agalya/Documents/workspace/AppiumTutorial/lib/jna-platform-3.4.0.jar:/Users/agalya/Documents/workspace/AppiumTutorial/lib/json-20080701.jar:/Users/agalya/Documents/workspace/AppiumTutorial/lib/junit-dep-4.11.jar:/Users/agalya/Documents/workspace/AppiumTutorial/lib/nekohtml-1.9.19.jar:/Users/agalya/Documents/workspace/AppiumTutorial/lib/netty-3.5.7.Final.jar:/Users/agalya/Documents/workspace/AppiumTutorial/lib/operadriver-1.5.jar:/Users/agalya/Documents/workspace/AppiumTutorial/lib/phantomjsdriver-1.1.0.jar:/Users/agalya/Documents/workspace/AppiumTutorial/lib/protobuf-java-2.4.1.jar:/Users/agalya/Documents/workspace/AppiumTutorial/lib/sac-1.3.jar:/Users/agalya/Documents/workspace/AppiumTutorial/lib/selenium-java-2.40.0.jar:/Users/agalya/Documents/workspace/AppiumTutorial/lib/serializer-2.7.1.jar:/Users/agalya/Documents/workspace/AppiumTutorial/lib/testng-6.8.5.jar:/Users/agalya/Documents/workspace/AppiumTutorial/lib/xalan-2.7.1.jar:/Users/agalya/Documents/workspace/AppiumTutorial/lib/xercesImpl-2.10.0.jar:/Users/agalya/Documents/workspace/AppiumTutorial/lib/xml-apis-1.4.01.jar
setClassPath:  duration 0 seconds

loadTestNG:
loadTestNG:  duration 0 seconds

compile:
     [echo] classpath:/Users/agalya/Documents/workspace/AppiumTutorial:/Users/agalya/Documents/workspace/AppiumTutorial/lib/apache-mime4j-0.6.jar:/Users/agalya/Documents/workspace/AppiumTutorial/lib/bsh-1.3.0.jar:/Users/agalya/Documents/workspace/AppiumTutorial/lib/cglib-nodep-2.1_3.jar:/Users/agalya/Documents/workspace/AppiumTutorial/lib/commons-codec-1.8.jar:/Users/agalya/Documents/workspace/AppiumTutorial/lib/commons-collections-3.2.1.jar:/Users/agalya/Documents/workspace/AppiumTutorial/lib/commons-exec-1.1.jar:/Users/agalya/Documents/workspace/AppiumTutorial/lib/commons-io-2.2.jar:/Users/agalya/Documents/workspace/AppiumTutorial/lib/commons-jxpath-1.3.jar:/Users/agalya/Documents/workspace/AppiumTutorial/lib/commons-lang3-3.1.jar:/Users/agalya/Documents/workspace/AppiumTutorial/lib/commons-logging-1.1.1.jar:/Users/agalya/Documents/workspace/AppiumTutorial/lib/cssparser-0.9.11.jar:/Users/agalya/Documents/workspace/AppiumTutorial/lib/guava-15.0.jar:/Users/agalya/Documents/workspace/AppiumTutorial/lib/hamcrest-core-1.3.jar:/Users/agalya/Documents/workspace/AppiumTutorial/lib/hamcrest-library-1.3.jar:/Users/agalya/Documents/workspace/AppiumTutorial/lib/htmlunit-2.13.jar:/Users/agalya/Documents/workspace/AppiumTutorial/lib/htmlunit-core-js-2.13.jar:/Users/agalya/Documents/workspace/AppiumTutorial/lib/httpclient-4.3.1.jar:/Users/agalya/Documents/workspace/AppiumTutorial/lib/httpcore-4.3.jar:/Users/agalya/Documents/workspace/AppiumTutorial/lib/httpmime-4.3.1.jar:/Users/agalya/Documents/workspace/AppiumTutorial/lib/ini4j-0.5.2.jar:/Users/agalya/Documents/workspace/AppiumTutorial/lib/jcommander-1.29.jar:/Users/agalya/Documents/workspace/AppiumTutorial/lib/jetty-websocket-8.1.8.jar:/Users/agalya/Documents/workspace/AppiumTutorial/lib/jna-3.4.0.jar:/Users/agalya/Documents/workspace/AppiumTutorial/lib/jna-platform-3.4.0.jar:/Users/agalya/Documents/workspace/AppiumTutorial/lib/json-20080701.jar:/Users/agalya/Documents/workspace/AppiumTutorial/lib/junit-dep-4.11.jar:/Users/agalya/Documents/workspace/AppiumTutorial/lib/nekohtml-1.9.19.jar:/Users/agalya/Documents/workspace/AppiumTutorial/lib/netty-3.5.7.Final.jar:/Users/agalya/Documents/workspace/AppiumTutorial/lib/operadriver-1.5.jar:/Users/agalya/Documents/workspace/AppiumTutorial/lib/phantomjsdriver-1.1.0.jar:/Users/agalya/Documents/workspace/AppiumTutorial/lib/protobuf-java-2.4.1.jar:/Users/agalya/Documents/workspace/AppiumTutorial/lib/sac-1.3.jar:/Users/agalya/Documents/workspace/AppiumTutorial/lib/selenium-java-2.40.0.jar:/Users/agalya/Documents/workspace/AppiumTutorial/lib/serializer-2.7.1.jar:/Users/agalya/Documents/workspace/AppiumTutorial/lib/testng-6.8.5.jar:/Users/agalya/Documents/workspace/AppiumTutorial/lib/xalan-2.7.1.jar:/Users/agalya/Documents/workspace/AppiumTutorial/lib/xercesImpl-2.10.0.jar:/Users/agalya/Documents/workspace/AppiumTutorial/lib/xml-apis-1.4.01.jar
     [echo] compiling..........
    [javac] /Users/agalya/Documents/workspace/AppiumTutorial/build.xml:40: warning: 'includeantruntime' was not set, defaulting to build.sysclasspath=last; set to false for repeatable builds
    [javac] framework/BaseTest.java added as framework/BaseTest.class doesn't exist.
    [javac] framework/Driver.java added as framework/Driver.class doesn't exist.
    [javac] framework/ScreenObjects.java added as framework/ScreenObjects.class doesn't exist.
    [javac] framework/ScreenUI.java added as framework/ScreenUI.class doesn't exist.
    [javac] screens/Screen1.java added as screens/Screen1.class doesn't exist.
    [javac] tests/SampleTest.java added as tests/SampleTest.class doesn't exist.
    [javac] Compiling 6 source files to /Users/agalya/Documents/workspace/AppiumTutorial/build
    [javac] Using modern compiler
    [javac] Compilation arguments:
'-d'
'/Users/agalya/Documents/workspace/AppiumTutorial/build'
'-classpath'
'/Users/agalya/Documents/workspace/AppiumTutorial/build:/Users/agalya/Documents/workspace/AppiumTutorial:/Users/agalya/Documents/workspace/AppiumTutorial/lib/apache-mime4j-0.6.jar:/Users/agalya/Documents/workspace/AppiumTutorial/lib/bsh-1.3.0.jar:/Users/agalya/Documents/workspace/AppiumTutorial/lib/cglib-nodep-2.1_3.jar:/Users/agalya/Documents/workspace/AppiumTutorial/lib/commons-codec-1.8.jar:/Users/agalya/Documents/workspace/AppiumTutorial/lib/commons-collections-3.2.1.jar:/Users/agalya/Documents/workspace/AppiumTutorial/lib/commons-exec-1.1.jar:/Users/agalya/Documents/workspace/AppiumTutorial/lib/commons-io-2.2.jar:/Users/agalya/Documents/workspace/AppiumTutorial/lib/commons-jxpath-1.3.jar:/Users/agalya/Documents/workspace/AppiumTutorial/lib/commons-lang3-3.1.jar:/Users/agalya/Documents/workspace/AppiumTutorial/lib/commons-logging-1.1.1.jar:/Users/agalya/Documents/workspace/AppiumTutorial/lib/cssparser-0.9.11.jar:/Users/agalya/Documents/workspace/AppiumTutorial/lib/guava-15.0.jar:/Users/agalya/Documents/workspace/AppiumTutorial/lib/hamcrest-core-1.3.jar:/Users/agalya/Documents/workspace/AppiumTutorial/lib/hamcrest-library-1.3.jar:/Users/agalya/Documents/workspace/AppiumTutorial/lib/htmlunit-2.13.jar:/Users/agalya/Documents/workspace/AppiumTutorial/lib/htmlunit-core-js-2.13.jar:/Users/agalya/Documents/workspace/AppiumTutorial/lib/httpclient-4.3.1.jar:/Users/agalya/Documents/workspace/AppiumTutorial/lib/httpcore-4.3.jar:/Users/agalya/Documents/workspace/AppiumTutorial/lib/httpmime-4.3.1.jar:/Users/agalya/Documents/workspace/AppiumTutorial/lib/ini4j-0.5.2.jar:/Users/agalya/Documents/workspace/AppiumTutorial/lib/jcommander-1.29.jar:/Users/agalya/Documents/workspace/AppiumTutorial/lib/jetty-websocket-8.1.8.jar:/Users/agalya/Documents/workspace/AppiumTutorial/lib/jna-3.4.0.jar:/Users/agalya/Documents/workspace/AppiumTutorial/lib/jna-platform-3.4.0.jar:/Users/agalya/Documents/workspace/AppiumTutorial/lib/json-20080701.jar:/Users/agalya/Documents/workspace/AppiumTutorial/lib/junit-dep-4.11.jar:/Users/agalya/Documents/workspace/AppiumTutorial/lib/nekohtml-1.9.19.jar:/Users/agalya/Documents/workspace/AppiumTutorial/lib/netty-3.5.7.Final.jar:/Users/agalya/Documents/workspace/AppiumTutorial/lib/operadriver-1.5.jar:/Users/agalya/Documents/workspace/AppiumTutorial/lib/phantomjsdriver-1.1.0.jar:/Users/agalya/Documents/workspace/AppiumTutorial/lib/protobuf-java-2.4.1.jar:/Users/agalya/Documents/workspace/AppiumTutorial/lib/sac-1.3.jar:/Users/agalya/Documents/workspace/AppiumTutorial/lib/selenium-java-2.40.0.jar:/Users/agalya/Documents/workspace/AppiumTutorial/lib/serializer-2.7.1.jar:/Users/agalya/Documents/workspace/AppiumTutorial/lib/testng-6.8.5.jar:/Users/agalya/Documents/workspace/AppiumTutorial/lib/xalan-2.7.1.jar:/Users/agalya/Documents/workspace/AppiumTutorial/lib/xercesImpl-2.10.0.jar:/Users/agalya/Documents/workspace/AppiumTutorial/lib/xml-apis-1.4.01.jar:/usr/local/Cellar/ant/1.9.3/libexec/lib/ant-launcher.jar:/usr/local/Cellar/ant/1.9.3/libexec/lib/ant-antlr.jar:/usr/local/Cellar/ant/1.9.3/libexec/lib/ant-apache-bcel.jar:/usr/local/Cellar/ant/1.9.3/libexec/lib/ant-apache-bsf.jar:/usr/local/Cellar/ant/1.9.3/libexec/lib/ant-apache-log4j.jar:/usr/local/Cellar/ant/1.9.3/libexec/lib/ant-apache-oro.jar:/usr/local/Cellar/ant/1.9.3/libexec/lib/ant-apache-regexp.jar:/usr/local/Cellar/ant/1.9.3/libexec/lib/ant-apache-resolver.jar:/usr/local/Cellar/ant/1.9.3/libexec/lib/ant-apache-xalan2.jar:/usr/local/Cellar/ant/1.9.3/libexec/lib/ant-commons-logging.jar:/usr/local/Cellar/ant/1.9.3/libexec/lib/ant-commons-net.jar:/usr/local/Cellar/ant/1.9.3/libexec/lib/ant-jai.jar:/usr/local/Cellar/ant/1.9.3/libexec/lib/ant-javamail.jar:/usr/local/Cellar/ant/1.9.3/libexec/lib/ant-jdepend.jar:/usr/local/Cellar/ant/1.9.3/libexec/lib/ant-jmf.jar:/usr/local/Cellar/ant/1.9.3/libexec/lib/ant-jsch.jar:/usr/local/Cellar/ant/1.9.3/libexec/lib/ant-junit.jar:/usr/local/Cellar/ant/1.9.3/libexec/lib/ant-junit4.jar:/usr/local/Cellar/ant/1.9.3/libexec/lib/ant-netrexx.jar:/usr/local/Cellar/ant/1.9.3/libexec/lib/ant-swing.jar:/usr/local/Cellar/ant/1.9.3/libexec/lib/ant-testutil.jar:/usr/local/Cellar/ant/1.9.3/libexec/lib/ant.jar'
'-sourcepath'
'/Users/agalya/Documents/workspace/AppiumTutorial/src'
'-g:none'

The ' characters around the executable and arguments are
not part of the command.
    [javac] Files to be compiled:
    /Users/agalya/Documents/workspace/AppiumTutorial/src/framework/BaseTest.java
    /Users/agalya/Documents/workspace/AppiumTutorial/src/framework/Driver.java
    /Users/agalya/Documents/workspace/AppiumTutorial/src/framework/ScreenObjects.java
    /Users/agalya/Documents/workspace/AppiumTutorial/src/framework/ScreenUI.java
    /Users/agalya/Documents/workspace/AppiumTutorial/src/screens/Screen1.java
    /Users/agalya/Documents/workspace/AppiumTutorial/src/tests/SampleTest.java
compile:  duration 0 seconds

runTests:
   [testng] Executing '/System/Library/Java/JavaVirtualMachines/1.6.0.jdk/Contents/Home/bin/java' with arguments:
'-ea'
'-classpath'
'/Users/agalya/Documents/workspace/AppiumTutorial:/Users/agalya/Documents/workspace/AppiumTutorial/lib/apache-mime4j-0.6.jar:/Users/agalya/Documents/workspace/AppiumTutorial/lib/bsh-1.3.0.jar:/Users/agalya/Documents/workspace/AppiumTutorial/lib/cglib-nodep-2.1_3.jar:/Users/agalya/Documents/workspace/AppiumTutorial/lib/commons-codec-1.8.jar:/Users/agalya/Documents/workspace/AppiumTutorial/lib/commons-collections-3.2.1.jar:/Users/agalya/Documents/workspace/AppiumTutorial/lib/commons-exec-1.1.jar:/Users/agalya/Documents/workspace/AppiumTutorial/lib/commons-io-2.2.jar:/Users/agalya/Documents/workspace/AppiumTutorial/lib/commons-jxpath-1.3.jar:/Users/agalya/Documents/workspace/AppiumTutorial/lib/commons-lang3-3.1.jar:/Users/agalya/Documents/workspace/AppiumTutorial/lib/commons-logging-1.1.1.jar:/Users/agalya/Documents/workspace/AppiumTutorial/lib/cssparser-0.9.11.jar:/Users/agalya/Documents/workspace/AppiumTutorial/lib/guava-15.0.jar:/Users/agalya/Documents/workspace/AppiumTutorial/lib/hamcrest-core-1.3.jar:/Users/agalya/Documents/workspace/AppiumTutorial/lib/hamcrest-library-1.3.jar:/Users/agalya/Documents/workspace/AppiumTutorial/lib/htmlunit-2.13.jar:/Users/agalya/Documents/workspace/AppiumTutorial/lib/htmlunit-core-js-2.13.jar:/Users/agalya/Documents/workspace/AppiumTutorial/lib/httpclient-4.3.1.jar:/Users/agalya/Documents/workspace/AppiumTutorial/lib/httpcore-4.3.jar:/Users/agalya/Documents/workspace/AppiumTutorial/lib/httpmime-4.3.1.jar:/Users/agalya/Documents/workspace/AppiumTutorial/lib/ini4j-0.5.2.jar:/Users/agalya/Documents/workspace/AppiumTutorial/lib/jcommander-1.29.jar:/Users/agalya/Documents/workspace/AppiumTutorial/lib/jetty-websocket-8.1.8.jar:/Users/agalya/Documents/workspace/AppiumTutorial/lib/jna-3.4.0.jar:/Users/agalya/Documents/workspace/AppiumTutorial/lib/jna-platform-3.4.0.jar:/Users/agalya/Documents/workspace/AppiumTutorial/lib/json-20080701.jar:/Users/agalya/Documents/workspace/AppiumTutorial/lib/junit-dep-4.11.jar:/Users/agalya/Documents/workspace/AppiumTutorial/lib/nekohtml-1.9.19.jar:/Users/agalya/Documents/workspace/AppiumTutorial/lib/netty-3.5.7.Final.jar:/Users/agalya/Documents/workspace/AppiumTutorial/lib/operadriver-1.5.jar:/Users/agalya/Documents/workspace/AppiumTutorial/lib/phantomjsdriver-1.1.0.jar:/Users/agalya/Documents/workspace/AppiumTutorial/lib/protobuf-java-2.4.1.jar:/Users/agalya/Documents/workspace/AppiumTutorial/lib/sac-1.3.jar:/Users/agalya/Documents/workspace/AppiumTutorial/lib/selenium-java-2.40.0.jar:/Users/agalya/Documents/workspace/AppiumTutorial/lib/serializer-2.7.1.jar:/Users/agalya/Documents/workspace/AppiumTutorial/lib/testng-6.8.5.jar:/Users/agalya/Documents/workspace/AppiumTutorial/lib/xalan-2.7.1.jar:/Users/agalya/Documents/workspace/AppiumTutorial/lib/xercesImpl-2.10.0.jar:/Users/agalya/Documents/workspace/AppiumTutorial/lib/xml-apis-1.4.01.jar:/Users/agalya/Documents/workspace/AppiumTutorial/build'
'org.testng.TestNG'
'@/var/folders/j4/9nkyc2117xg03m0j_1c40vg80000gn/T/testng1060271479591412263'

The ' characters around the executable and arguments are
not part of the command.
   [testng] [TestNG] Running:
   [testng]   /Users/agalya/Documents/workspace/AppiumTutorial/testng.xml
   [testng] 
   [testng] 
   [testng] ===============================================
   [testng] Google Test Suite
   [testng] Total tests run: 3, Failures: 0, Skips: 0
   [testng] ===============================================
   [testng] 
runTests:  duration 14 seconds

BUILD SUCCESSFUL
